<?xml version="1.0" encoding="UTF-8"?>
<!-- Generated by org.testng.reporters.JUnitXMLReporter -->
<testsuite ignored="0" hostname="DESKTOP-L86RUVT" failures="0" tests="6" name="ApiTests" time="17.909" errors="0" timestamp="2026-08-19T19:14:58 IST">
  <testcase classname="tests.ProductTest" name="getAllCategories" time="12.586"/>
  <testcase classname="tests.ProductTest" name="getAllProducts" time="0.857"/>
  <testcase classname="tests.ProductTest" name="getSingleProduct" time="1.271"/>
  <testcase classname="tests.CreateProductTest" name="createProduct" time="0.383"/>
  <testcase classname="tests.UpdateDeleteTest" name="deleteProduct" time="0.236"/>
  <testcase classname="tests.UpdateDeleteTest" name="updateProduct" time="0.336"/>
</testsuite> <!-- ApiTests -->
