<?xml version="1.0" encoding="UTF-8"?>
<testng-results ignored="0" total="6" passed="6" failed="0" skipped="0">
  <reporter-output>
  </reporter-output>
  <suite started-at="2026-08-19T19:14:40 IST" name="ApiSuite" finished-at="2026-08-19T19:14:58 IST" duration-ms="17909">
    <groups>
    </groups>
    <test started-at="2026-08-19T19:14:40 IST" name="ApiTests" finished-at="2026-08-19T19:14:58 IST" duration-ms="17909">
      <class name="tests.UpdateDeleteTest">
        <test-method is-config="true" signature="setup()[pri:0, instance:tests.UpdateDeleteTest@5158b42f]" started-at="2026-08-19T19:14:57 IST" name="setup" finished-at="2026-08-19T19:14:57 IST" duration-ms="0" status="PASS">
          <reporter-output>
          </reporter-output>
        </test-method> <!-- setup -->
        <test-method signature="deleteProduct()[pri:0, instance:tests.UpdateDeleteTest@5158b42f]" started-at="2026-08-19T19:14:57 IST" name="deleteProduct" finished-at="2026-08-19T19:14:57 IST" duration-ms="236" status="PASS">
          <reporter-output>
          </reporter-output>
        </test-method> <!-- deleteProduct -->
        <test-method signature="updateProduct()[pri:0, instance:tests.UpdateDeleteTest@5158b42f]" started-at="2026-08-19T19:14:57 IST" name="updateProduct" finished-at="2026-08-19T19:14:58 IST" duration-ms="336" status="PASS">
          <reporter-output>
          </reporter-output>
        </test-method> <!-- updateProduct -->
      </class> <!-- tests.UpdateDeleteTest -->
      <class name="tests.ProductTest">
        <test-method is-config="true" signature="setup()[pri:0, instance:tests.ProductTest@dd8ba08]" started-at="2026-08-19T19:14:40 IST" name="setup" finished-at="2026-08-19T19:14:42 IST" duration-ms="2089" status="PASS">
          <reporter-output>
          </reporter-output>
        </test-method> <!-- setup -->
        <test-method signature="getAllCategories()[pri:0, instance:tests.ProductTest@dd8ba08]" started-at="2026-08-19T19:14:42 IST" name="getAllCategories" finished-at="2026-08-19T19:14:55 IST" duration-ms="12586" status="PASS">
          <reporter-output>
          </reporter-output>
        </test-method> <!-- getAllCategories -->
        <test-method signature="getAllProducts()[pri:0, instance:tests.ProductTest@dd8ba08]" started-at="2026-08-19T19:14:55 IST" name="getAllProducts" finished-at="2026-08-19T19:14:56 IST" duration-ms="857" status="PASS">
          <reporter-output>
          </reporter-output>
        </test-method> <!-- getAllProducts -->
        <test-method signature="getSingleProduct()[pri:0, instance:tests.ProductTest@dd8ba08]" started-at="2026-08-19T19:14:56 IST" name="getSingleProduct" finished-at="2026-08-19T19:14:57 IST" duration-ms="1271" status="PASS">
          <reporter-output>
          </reporter-output>
        </test-method> <!-- getSingleProduct -->
      </class> <!-- tests.ProductTest -->
      <class name="tests.CreateProductTest">
        <test-method is-config="true" signature="setup()[pri:0, instance:tests.CreateProductTest@16293aa2]" started-at="2026-08-19T19:14:57 IST" name="setup" finished-at="2026-08-19T19:14:57 IST" duration-ms="1" status="PASS">
          <reporter-output>
          </reporter-output>
        </test-method> <!-- setup -->
        <test-method signature="createProduct()[pri:0, instance:tests.CreateProductTest@16293aa2]" started-at="2026-08-19T19:14:57 IST" name="createProduct" finished-at="2026-08-19T19:14:57 IST" duration-ms="383" status="PASS">
          <reporter-output>
          </reporter-output>
        </test-method> <!-- createProduct -->
      </class> <!-- tests.CreateProductTest -->
    </test> <!-- ApiTests -->
  </suite> <!-- ApiSuite -->
</testng-results>
