<?xml version="1.0" encoding="UTF-8"?>
<!-- Generated by org.testng.reporters.JUnitReportReporter -->
<testsuite hostname="DESKTOP-L86RUVT" failures="0" tests="3" name="tests.ProductTest" time="14.714" errors="0" timestamp="2026-08-19T19:14:58 IST" skipped="0">
  <testcase classname="tests.ProductTest" name="getSingleProduct" time="1.271"/>
  <testcase classname="tests.ProductTest" name="getAllCategories" time="12.586"/>
  <testcase classname="tests.ProductTest" name="getAllProducts" time="0.857"/>
</testsuite> <!-- tests.ProductTest -->
